{"/home/renanamorim/GitHub/rota-cultural/frontend/src/components/Navbar.tsx": {"path":"/home/renanamorim/GitHub/rota-cultural/frontend/src/components/Navbar.tsx","statementMap":{"0":{"start":{"line":11,"column":8},"end":{"line":11,"column":null}},"1":{"start":{"line":12,"column":8},"end":{"line":12,"column":null}},"2":{"start":{"line":14,"column":19},"end":{"line":19,"column":null}},"3":{"start":{"line":21,"column":19},"end":{"line":21,"column":null}},"4":{"start":{"line":21,"column":37},"end":{"line":21,"column":null}},"5":{"start":{"line":23,"column":23},"end":{"line":28,"column":null}},"6":{"start":{"line":24,"column":4},"end":{"line":26,"column":null}},"7":{"start":{"line":25,"column":6},"end":{"line":25,"column":null}},"8":{"start":{"line":27,"column":4},"end":{"line":27,"column":null}},"9":{"start":{"line":30,"column":2},"end":{"line":68,"column":null}},"10":{"start":{"line":36,"column":25},"end":{"line":36,"column":null}},"11":{"start":{"line":37,"column":12},"end":{"line":46,"column":null}},"12":{"start":{"line":40,"column":31},"end":{"line":40,"column":null}},"13":{"start":{"line":54,"column":29},"end":{"line":54,"column":null}}},"fnMap":{"0":{"name":"Navbar","decl":{"start":{"line":10,"column":9},"end":{"line":10,"column":16}},"loc":{"start":{"line":10,"column":67},"end":{"line":70,"column":null}},"line":10},"1":{"name":"(anonymous_1)","decl":{"start":{"line":21,"column":19},"end":{"line":21,"column":20}},"loc":{"start":{"line":21,"column":37},"end":{"line":21,"column":null}},"line":21},"2":{"name":"(anonymous_2)","decl":{"start":{"line":23,"column":23},"end":{"line":23,"column":29}},"loc":{"start":{"line":23,"column":29},"end":{"line":28,"column":null}},"line":23},"3":{"name":"(anonymous_3)","decl":{"start":{"line":35,"column":24},"end":{"line":35,"column":25}},"loc":{"start":{"line":35,"column":34},"end":{"line":48,"column":11}},"line":35},"4":{"name":"(anonymous_4)","decl":{"start":{"line":40,"column":25},"end":{"line":40,"column":31}},"loc":{"start":{"line":40,"column":31},"end":{"line":40,"column":null}},"line":40},"5":{"name":"(anonymous_5)","decl":{"start":{"line":54,"column":23},"end":{"line":54,"column":29}},"loc":{"start":{"line":54,"column":29},"end":{"line":54,"column":null}},"line":54}},"branchMap":{"0":{"loc":{"start":{"line":10,"column":18},"end":{"line":10,"column":42}},"type":"default-arg","locations":[{"start":{"line":10,"column":36},"end":{"line":10,"column":42}}],"line":10},"1":{"loc":{"start":{"line":24,"column":4},"end":{"line":26,"column":null}},"type":"if","locations":[{"start":{"line":24,"column":4},"end":{"line":26,"column":null}},{"start":{},"end":{}}],"line":24},"2":{"loc":{"start":{"line":41,"column":52},"end":{"line":41,"column":92}},"type":"cond-expr","locations":[{"start":{"line":41,"column":74},"end":{"line":41,"column":90}},{"start":{"line":41,"column":90},"end":{"line":41,"column":92}}],"line":41},"3":{"loc":{"start":{"line":51,"column":9},"end":{"line":65,"column":null}},"type":"binary-expr","locations":[{"start":{"line":51,"column":9},"end":{"line":51,"column":null}},{"start":{"line":52,"column":10},"end":{"line":65,"column":null}}],"line":51},"4":{"loc":{"start":{"line":55,"column":55},"end":{"line":55,"column":98}},"type":"cond-expr","locations":[{"start":{"line":55,"column":80},"end":{"line":55,"column":96}},{"start":{"line":55,"column":96},"end":{"line":55,"column":98}}],"line":55}},"s":{"0":10,"1":10,"2":10,"3":10,"4":50,"5":10,"6":0,"7":0,"8":0,"9":10,"10":40,"11":40,"12":0,"13":0},"f":{"0":10,"1":50,"2":0,"3":40,"4":0,"5":0},"b":{"0":[10],"1":[0,0],"2":[10,30],"3":[10,10],"4":[0,10]},"meta":{"lastBranch":5,"lastFunction":6,"lastStatement":14,"seen":{"f:10:9:10:16":0,"b:10:36:10:42":0,"s:11:8:11:Infinity":0,"s:12:8:12:Infinity":1,"s:14:19:19:Infinity":2,"s:21:19:21:Infinity":3,"f:21:19:21:20":1,"s:21:37:21:Infinity":4,"s:23:23:28:Infinity":5,"f:23:23:23:29":2,"b:24:4:26:Infinity:undefined:undefined:undefined:undefined":1,"s:24:4:26:Infinity":6,"s:25:6:25:Infinity":7,"s:27:4:27:Infinity":8,"s:30:2:68:Infinity":9,"f:35:24:35:25":3,"s:36:25:36:Infinity":10,"s:37:12:46:Infinity":11,"f:40:25:40:31":4,"s:40:31:40:Infinity":12,"b:41:74:41:90:41:90:41:92":2,"b:51:9:51:Infinity:52:10:65:Infinity":3,"f:54:23:54:29":5,"s:54:29:54:Infinity":13,"b:55:80:55:96:55:96:55:98":4}}}
,"/home/renanamorim/GitHub/rota-cultural/frontend/src/pages/MapPage.tsx": {"path":"/home/renanamorim/GitHub/rota-cultural/frontend/src/pages/MapPage.tsx","statementMap":{"0":{"start":{"line":12,"column":0},"end":{"line":12,"column":null}},"1":{"start":{"line":13,"column":0},"end":{"line":20,"column":null}},"2":{"start":{"line":28,"column":32},"end":{"line":31,"column":null}},"3":{"start":{"line":32,"column":32},"end":{"line":32,"column":null}},"4":{"start":{"line":33,"column":38},"end":{"line":33,"column":null}},"5":{"start":{"line":34,"column":32},"end":{"line":34,"column":null}},"6":{"start":{"line":35,"column":28},"end":{"line":35,"column":null}},"7":{"start":{"line":36,"column":24},"end":{"line":36,"column":null}},"8":{"start":{"line":37,"column":40},"end":{"line":37,"column":null}},"9":{"start":{"line":38,"column":50},"end":{"line":38,"column":null}},"10":{"start":{"line":40,"column":35},"end":{"line":40,"column":null}},"11":{"start":{"line":42,"column":31},"end":{"line":47,"column":null}},"12":{"start":{"line":43,"column":25},"end":{"line":43,"column":null}},"13":{"start":{"line":44,"column":4},"end":{"line":44,"column":null}},"14":{"start":{"line":45,"column":4},"end":{"line":45,"column":null}},"15":{"start":{"line":46,"column":4},"end":{"line":46,"column":null}},"16":{"start":{"line":49,"column":22},"end":{"line":52,"column":null}},"17":{"start":{"line":50,"column":21},"end":{"line":50,"column":null}},"18":{"start":{"line":51,"column":4},"end":{"line":51,"column":null}},"19":{"start":{"line":54,"column":25},"end":{"line":60,"column":null}},"20":{"start":{"line":55,"column":4},"end":{"line":59,"column":null}},"21":{"start":{"line":56,"column":27},"end":{"line":56,"column":null}},"22":{"start":{"line":56,"column":54},"end":{"line":56,"column":65}},"23":{"start":{"line":57,"column":6},"end":{"line":57,"column":null}},"24":{"start":{"line":58,"column":6},"end":{"line":58,"column":null}},"25":{"start":{"line":62,"column":25},"end":{"line":83,"column":null}},"26":{"start":{"line":63,"column":27},"end":{"line":63,"column":null}},"27":{"start":{"line":63,"column":50},"end":{"line":63,"column":70}},"28":{"start":{"line":64,"column":4},"end":{"line":64,"column":null}},"29":{"start":{"line":64,"column":35},"end":{"line":64,"column":null}},"30":{"start":{"line":66,"column":24},"end":{"line":66,"column":null}},"31":{"start":{"line":66,"column":49},"end":{"line":66,"column":64}},"32":{"start":{"line":68,"column":4},"end":{"line":68,"column":null}},"33":{"start":{"line":69,"column":4},"end":{"line":82,"column":null}},"34":{"start":{"line":70,"column":20},"end":{"line":70,"column":null}},"35":{"start":{"line":71,"column":6},"end":{"line":71,"column":null}},"36":{"start":{"line":74,"column":6},"end":{"line":77,"column":null}},"37":{"start":{"line":75,"column":14},"end":{"line":75,"column":null}},"38":{"start":{"line":76,"column":8},"end":{"line":76,"column":null}},"39":{"start":{"line":79,"column":6},"end":{"line":79,"column":null}},"40":{"start":{"line":81,"column":6},"end":{"line":81,"column":null}},"41":{"start":{"line":85,"column":2},"end":{"line":101,"column":null}},"42":{"start":{"line":86,"column":27},"end":{"line":98,"column":null}},"43":{"start":{"line":87,"column":6},"end":{"line":97,"column":null}},"44":{"start":{"line":88,"column":21},"end":{"line":88,"column":null}},"45":{"start":{"line":90,"column":8},"end":{"line":90,"column":null}},"46":{"start":{"line":92,"column":8},"end":{"line":92,"column":null}},"47":{"start":{"line":93,"column":8},"end":{"line":93,"column":null}},"48":{"start":{"line":94,"column":8},"end":{"line":94,"column":null}},"49":{"start":{"line":96,"column":8},"end":{"line":96,"column":null}},"50":{"start":{"line":100,"column":4},"end":{"line":100,"column":null}},"51":{"start":{"line":103,"column":2},"end":{"line":110,"column":null}},"52":{"start":{"line":104,"column":4},"end":{"line":108,"column":null}},"53":{"start":{"line":112,"column":2},"end":{"line":118,"column":null}},"54":{"start":{"line":113,"column":4},"end":{"line":116,"column":null}},"55":{"start":{"line":120,"column":23},"end":{"line":120,"column":null}},"56":{"start":{"line":120,"column":45},"end":{"line":120,"column":65}},"57":{"start":{"line":122,"column":2},"end":{"line":280,"column":null}},"58":{"start":{"line":134,"column":16},"end":{"line":176,"column":null}},"59":{"start":{"line":143,"column":37},"end":{"line":143,"column":null}},"60":{"start":{"line":151,"column":26},"end":{"line":161,"column":null}},"61":{"start":{"line":154,"column":43},"end":{"line":154,"column":null}},"62":{"start":{"line":170,"column":37},"end":{"line":170,"column":null}},"63":{"start":{"line":206,"column":82},"end":{"line":206,"column":93}},"64":{"start":{"line":236,"column":12},"end":{"line":236,"column":null}},"65":{"start":{"line":236,"column":36},"end":{"line":236,"column":null}},"66":{"start":{"line":238,"column":28},"end":{"line":238,"column":null}},"67":{"start":{"line":239,"column":27},"end":{"line":239,"column":null}},"68":{"start":{"line":240,"column":31},"end":{"line":251,"column":null}},"69":{"start":{"line":253,"column":12},"end":{"line":265,"column":null}},"70":{"start":{"line":271,"column":77},"end":{"line":271,"column":97}}},"fnMap":{"0":{"name":"MapPage","decl":{"start":{"line":27,"column":24},"end":{"line":27,"column":34}},"loc":{"start":{"line":27,"column":34},"end":{"line":282,"column":null}},"line":27},"1":{"name":"(anonymous_1)","decl":{"start":{"line":42,"column":31},"end":{"line":42,"column":32}},"loc":{"start":{"line":42,"column":70},"end":{"line":47,"column":null}},"line":42},"2":{"name":"(anonymous_2)","decl":{"start":{"line":49,"column":22},"end":{"line":49,"column":28}},"loc":{"start":{"line":49,"column":28},"end":{"line":52,"column":null}},"line":49},"3":{"name":"(anonymous_3)","decl":{"start":{"line":54,"column":25},"end":{"line":54,"column":26}},"loc":{"start":{"line":54,"column":44},"end":{"line":60,"column":null}},"line":54},"4":{"name":"(anonymous_4)","decl":{"start":{"line":56,"column":44},"end":{"line":56,"column":45}},"loc":{"start":{"line":56,"column":54},"end":{"line":56,"column":65}},"line":56},"5":{"name":"(anonymous_5)","decl":{"start":{"line":62,"column":25},"end":{"line":62,"column":37}},"loc":{"start":{"line":62,"column":37},"end":{"line":83,"column":null}},"line":62},"6":{"name":"(anonymous_6)","decl":{"start":{"line":63,"column":44},"end":{"line":63,"column":50}},"loc":{"start":{"line":63,"column":50},"end":{"line":63,"column":70}},"line":63},"7":{"name":"(anonymous_7)","decl":{"start":{"line":66,"column":43},"end":{"line":66,"column":49}},"loc":{"start":{"line":66,"column":49},"end":{"line":66,"column":64}},"line":66},"8":{"name":"(anonymous_8)","decl":{"start":{"line":85,"column":12},"end":{"line":85,"column":18}},"loc":{"start":{"line":85,"column":18},"end":{"line":101,"column":5}},"line":85},"9":{"name":"(anonymous_9)","decl":{"start":{"line":86,"column":27},"end":{"line":86,"column":39}},"loc":{"start":{"line":86,"column":39},"end":{"line":98,"column":null}},"line":86},"10":{"name":"(anonymous_10)","decl":{"start":{"line":120,"column":39},"end":{"line":120,"column":45}},"loc":{"start":{"line":120,"column":45},"end":{"line":120,"column":65}},"line":120},"11":{"name":"(anonymous_11)","decl":{"start":{"line":133,"column":29},"end":{"line":133,"column":30}},"loc":{"start":{"line":134,"column":16},"end":{"line":176,"column":null}},"line":134},"12":{"name":"(anonymous_12)","decl":{"start":{"line":143,"column":31},"end":{"line":143,"column":37}},"loc":{"start":{"line":143,"column":37},"end":{"line":143,"column":null}},"line":143},"13":{"name":"(anonymous_13)","decl":{"start":{"line":150,"column":39},"end":{"line":150,"column":null}},"loc":{"start":{"line":151,"column":26},"end":{"line":161,"column":null}},"line":151},"14":{"name":"(anonymous_14)","decl":{"start":{"line":154,"column":37},"end":{"line":154,"column":43}},"loc":{"start":{"line":154,"column":43},"end":{"line":154,"column":null}},"line":154},"15":{"name":"(anonymous_15)","decl":{"start":{"line":170,"column":31},"end":{"line":170,"column":37}},"loc":{"start":{"line":170,"column":37},"end":{"line":170,"column":null}},"line":170},"16":{"name":"(anonymous_16)","decl":{"start":{"line":206,"column":76},"end":{"line":206,"column":82}},"loc":{"start":{"line":206,"column":82},"end":{"line":206,"column":93}},"line":206},"17":{"name":"(anonymous_17)","decl":{"start":{"line":235,"column":25},"end":{"line":235,"column":26}},"loc":{"start":{"line":235,"column":46},"end":{"line":267,"column":11}},"line":235},"18":{"name":"(anonymous_18)","decl":{"start":{"line":271,"column":48},"end":{"line":271,"column":49}},"loc":{"start":{"line":271,"column":77},"end":{"line":271,"column":97}},"line":271}},"branchMap":{"0":{"loc":{"start":{"line":55,"column":4},"end":{"line":59,"column":null}},"type":"if","locations":[{"start":{"line":55,"column":4},"end":{"line":59,"column":null}},{"start":{},"end":{}}],"line":55},"1":{"loc":{"start":{"line":64,"column":4},"end":{"line":64,"column":null}},"type":"if","locations":[{"start":{"line":64,"column":4},"end":{"line":64,"column":null}},{"start":{},"end":{}}],"line":64},"2":{"loc":{"start":{"line":74,"column":6},"end":{"line":77,"column":null}},"type":"if","locations":[{"start":{"line":74,"column":6},"end":{"line":77,"column":null}},{"start":{},"end":{}}],"line":74},"3":{"loc":{"start":{"line":90,"column":21},"end":{"line":90,"column":52}},"type":"cond-expr","locations":[{"start":{"line":90,"column":43},"end":{"line":90,"column":50}},{"start":{"line":90,"column":50},"end":{"line":90,"column":52}}],"line":90},"4":{"loc":{"start":{"line":103,"column":2},"end":{"line":110,"column":null}},"type":"if","locations":[{"start":{"line":103,"column":2},"end":{"line":110,"column":null}},{"start":{},"end":{}}],"line":103},"5":{"loc":{"start":{"line":112,"column":2},"end":{"line":118,"column":null}},"type":"if","locations":[{"start":{"line":112,"column":2},"end":{"line":118,"column":null}},{"start":{},"end":{}}],"line":112},"6":{"loc":{"start":{"line":143,"column":59},"end":{"line":143,"column":102}},"type":"cond-expr","locations":[{"start":{"line":143,"column":90},"end":{"line":143,"column":97}},{"start":{"line":143,"column":97},"end":{"line":143,"column":102}}],"line":143},"7":{"loc":{"start":{"line":145,"column":23},"end":{"line":145,"column":null}},"type":"cond-expr","locations":[{"start":{"line":145,"column":43},"end":{"line":145,"column":68}},{"start":{"line":145,"column":68},"end":{"line":145,"column":null}}],"line":145},"8":{"loc":{"start":{"line":148,"column":21},"end":{"line":163,"column":null}},"type":"binary-expr","locations":[{"start":{"line":148,"column":21},"end":{"line":148,"column":null}},{"start":{"line":149,"column":22},"end":{"line":163,"column":null}}],"line":148},"9":{"loc":{"start":{"line":167,"column":19},"end":{"line":174,"column":null}},"type":"binary-expr","locations":[{"start":{"line":167,"column":19},"end":{"line":167,"column":43}},{"start":{"line":167,"column":43},"end":{"line":167,"column":56}},{"start":{"line":167,"column":56},"end":{"line":167,"column":null}},{"start":{"line":168,"column":20},"end":{"line":174,"column":null}}],"line":167},"10":{"loc":{"start":{"line":191,"column":24},"end":{"line":191,"column":null}},"type":"binary-expr","locations":[{"start":{"line":191,"column":24},"end":{"line":191,"column":41}},{"start":{"line":191,"column":41},"end":{"line":191,"column":null}}],"line":191},"11":{"loc":{"start":{"line":194,"column":15},"end":{"line":194,"column":null}},"type":"cond-expr","locations":[{"start":{"line":194,"column":30},"end":{"line":194,"column":48}},{"start":{"line":194,"column":48},"end":{"line":194,"column":null}}],"line":194},"12":{"loc":{"start":{"line":197,"column":13},"end":{"line":208,"column":null}},"type":"binary-expr","locations":[{"start":{"line":197,"column":13},"end":{"line":197,"column":26}},{"start":{"line":197,"column":26},"end":{"line":197,"column":null}},{"start":{"line":198,"column":14},"end":{"line":208,"column":null}}],"line":197},"13":{"loc":{"start":{"line":236,"column":12},"end":{"line":236,"column":null}},"type":"if","locations":[{"start":{"line":236,"column":12},"end":{"line":236,"column":null}},{"start":{},"end":{}}],"line":236},"14":{"loc":{"start":{"line":241,"column":23},"end":{"line":245,"column":null}},"type":"cond-expr","locations":[{"start":{"line":242,"column":18},"end":{"line":242,"column":null}},{"start":{"line":243,"column":18},"end":{"line":245,"column":null}}],"line":241},"15":{"loc":{"start":{"line":243,"column":18},"end":{"line":245,"column":null}},"type":"cond-expr","locations":[{"start":{"line":244,"column":18},"end":{"line":244,"column":null}},{"start":{"line":245,"column":18},"end":{"line":245,"column":null}}],"line":243},"16":{"loc":{"start":{"line":269,"column":11},"end":{"line":276,"column":null}},"type":"binary-expr","locations":[{"start":{"line":269,"column":11},"end":{"line":269,"column":null}},{"start":{"line":270,"column":12},"end":{"line":276,"column":null}}],"line":269}},"s":{"0":1,"1":1,"2":15,"3":15,"4":15,"5":15,"6":15,"7":15,"8":15,"9":15,"10":15,"11":15,"12":2,"13":2,"14":2,"15":2,"16":15,"17":0,"18":0,"19":15,"20":0,"21":0,"22":0,"23":0,"24":0,"25":15,"26":0,"27":0,"28":0,"29":0,"30":0,"31":0,"32":0,"33":0,"34":0,"35":0,"36":0,"37":0,"38":0,"39":0,"40":0,"41":15,"42":5,"43":5,"44":5,"45":5,"46":0,"47":0,"48":0,"49":5,"50":5,"51":15,"52":5,"53":10,"54":0,"55":10,"56":13,"57":10,"58":20,"59":3,"60":9,"61":2,"62":0,"63":0,"64":20,"65":16,"66":4,"67":4,"68":4,"69":20,"70":0},"f":{"0":15,"1":2,"2":0,"3":0,"4":0,"5":0,"6":0,"7":0,"8":5,"9":5,"10":13,"11":20,"12":3,"13":9,"14":2,"15":0,"16":0,"17":20,"18":0},"b":{"0":[0,0],"1":[0,0],"2":[0,0],"3":[5,0],"4":[5,10],"5":[0,10],"6":[0,3],"7":[4,16],"8":[20,3],"9":[20,0,0,0],"10":[10,1],"11":[0,10],"12":[15,0,0],"13":[16,4],"14":[3,1],"15":[1,0],"16":[15,0]},"meta":{"lastBranch":17,"lastFunction":19,"lastStatement":71,"seen":{"s:12:0:12:Infinity":0,"s:13:0:20:Infinity":1,"f:27:24:27:34":0,"s:28:32:31:Infinity":2,"s:32:32:32:Infinity":3,"s:33:38:33:Infinity":4,"s:34:32:34:Infinity":5,"s:35:28:35:Infinity":6,"s:36:24:36:Infinity":7,"s:37:40:37:Infinity":8,"s:38:50:38:Infinity":9,"s:40:35:40:Infinity":10,"s:42:31:47:Infinity":11,"f:42:31:42:32":1,"s:43:25:43:Infinity":12,"s:44:4:44:Infinity":13,"s:45:4:45:Infinity":14,"s:46:4:46:Infinity":15,"s:49:22:52:Infinity":16,"f:49:22:49:28":2,"s:50:21:50:Infinity":17,"s:51:4:51:Infinity":18,"s:54:25:60:Infinity":19,"f:54:25:54:26":3,"b:55:4:59:Infinity:undefined:undefined:undefined:undefined":0,"s:55:4:59:Infinity":20,"s:56:27:56:Infinity":21,"f:56:44:56:45":4,"s:56:54:56:65":22,"s:57:6:57:Infinity":23,"s:58:6:58:Infinity":24,"s:62:25:83:Infinity":25,"f:62:25:62:37":5,"s:63:27:63:Infinity":26,"f:63:44:63:50":6,"s:63:50:63:70":27,"b:64:4:64:Infinity:undefined:undefined:undefined:undefined":1,"s:64:4:64:Infinity":28,"s:64:35:64:Infinity":29,"s:66:24:66:Infinity":30,"f:66:43:66:49":7,"s:66:49:66:64":31,"s:68:4:68:Infinity":32,"s:69:4:82:Infinity":33,"s:70:20:70:Infinity":34,"s:71:6:71:Infinity":35,"b:74:6:77:Infinity:undefined:undefined:undefined:undefined":2,"s:74:6:77:Infinity":36,"s:75:14:75:Infinity":37,"s:76:8:76:Infinity":38,"s:79:6:79:Infinity":39,"s:81:6:81:Infinity":40,"s:85:2:101:Infinity":41,"f:85:12:85:18":8,"s:86:27:98:Infinity":42,"f:86:27:86:39":9,"s:87:6:97:Infinity":43,"s:88:21:88:Infinity":44,"s:90:8:90:Infinity":45,"b:90:43:90:50:90:50:90:52":3,"s:92:8:92:Infinity":46,"s:93:8:93:Infinity":47,"s:94:8:94:Infinity":48,"s:96:8:96:Infinity":49,"s:100:4:100:Infinity":50,"b:103:2:110:Infinity:undefined:undefined:undefined:undefined":4,"s:103:2:110:Infinity":51,"s:104:4:108:Infinity":52,"b:112:2:118:Infinity:undefined:undefined:undefined:undefined":5,"s:112:2:118:Infinity":53,"s:113:4:116:Infinity":54,"s:120:23:120:Infinity":55,"f:120:39:120:45":10,"s:120:45:120:65":56,"s:122:2:280:Infinity":57,"f:133:29:133:30":11,"s:134:16:176:Infinity":58,"f:143:31:143:37":12,"s:143:37:143:Infinity":59,"b:143:90:143:97:143:97:143:102":6,"b:145:43:145:68:145:68:145:Infinity":7,"b:148:21:148:Infinity:149:22:163:Infinity":8,"f:150:39:150:Infinity":13,"s:151:26:161:Infinity":60,"f:154:37:154:43":14,"s:154:43:154:Infinity":61,"b:167:19:167:43:167:43:167:56:167:56:167:Infinity:168:20:174:Infinity":9,"f:170:31:170:37":15,"s:170:37:170:Infinity":62,"b:191:24:191:41:191:41:191:Infinity":10,"b:194:30:194:48:194:48:194:Infinity":11,"b:197:13:197:26:197:26:197:Infinity:198:14:208:Infinity":12,"f:206:76:206:82":16,"s:206:82:206:93":63,"f:235:25:235:26":17,"b:236:12:236:Infinity:undefined:undefined:undefined:undefined":13,"s:236:12:236:Infinity":64,"s:236:36:236:Infinity":65,"s:238:28:238:Infinity":66,"s:239:27:239:Infinity":67,"s:240:31:251:Infinity":68,"b:242:18:242:Infinity:243:18:245:Infinity":14,"b:244:18:244:Infinity:245:18:245:Infinity":15,"s:253:12:265:Infinity":69,"b:269:11:269:Infinity:270:12:276:Infinity":16,"f:271:48:271:49":18,"s:271:77:271:97":70}}}
,"/home/renanamorim/GitHub/rota-cultural/frontend/src/services/api.ts": {"path":"/home/renanamorim/GitHub/rota-cultural/frontend/src/services/api.ts","statementMap":{"0":{"start":{"line":2,"column":21},"end":{"line":2,"column":null}},"1":{"start":{"line":4,"column":19},"end":{"line":7,"column":null}},"2":{"start":{"line":18,"column":31},"end":{"line":23,"column":null}},"3":{"start":{"line":20,"column":25},"end":{"line":20,"column":null}},"4":{"start":{"line":21,"column":8},"end":{"line":21,"column":null}}},"fnMap":{"0":{"name":"(anonymous_0)","decl":{"start":{"line":19,"column":10},"end":{"line":19,"column":46}},"loc":{"start":{"line":19,"column":46},"end":{"line":22,"column":null}},"line":19}},"branchMap":{"0":{"loc":{"start":{"line":21,"column":15},"end":{"line":21,"column":null}},"type":"cond-expr","locations":[{"start":{"line":21,"column":46},"end":{"line":21,"column":62}},{"start":{"line":21,"column":62},"end":{"line":21,"column":null}}],"line":21},"1":{"loc":{"start":{"line":21,"column":62},"end":{"line":21,"column":null}},"type":"binary-expr","locations":[{"start":{"line":21,"column":62},"end":{"line":21,"column":87}},{"start":{"line":21,"column":87},"end":{"line":21,"column":null}}],"line":21}},"s":{"0":3,"1":3,"2":3,"3":8,"4":8},"f":{"0":8},"b":{"0":[0,8],"1":[8,0]},"meta":{"lastBranch":2,"lastFunction":1,"lastStatement":5,"seen":{"s:2:21:2:Infinity":0,"s:4:19:7:Infinity":1,"s:18:31:23:Infinity":2,"f:19:10:19:46":0,"s:20:25:20:Infinity":3,"s:21:8:21:Infinity":4,"b:21:46:21:62:21:62:21:Infinity":0,"b:21:62:21:87:21:87:21:Infinity":1}}}
,"/home/renanamorim/GitHub/rota-cultural/frontend/src/services/routing.ts": {"path":"/home/renanamorim/GitHub/rota-cultural/frontend/src/services/routing.ts","statementMap":{"0":{"start":{"line":14,"column":29},"end":{"line":21,"column":null}},"1":{"start":{"line":16,"column":25},"end":{"line":18,"column":null}},"2":{"start":{"line":19,"column":8},"end":{"line":19,"column":null}}},"fnMap":{"0":{"name":"(anonymous_0)","decl":{"start":{"line":15,"column":20},"end":{"line":15,"column":27}},"loc":{"start":{"line":15,"column":83},"end":{"line":20,"column":null}},"line":15}},"branchMap":{},"s":{"0":1,"1":0,"2":0},"f":{"0":0},"b":{},"meta":{"lastBranch":0,"lastFunction":1,"lastStatement":3,"seen":{"s:14:29:21:Infinity":0,"f:15:20:15:27":0,"s:16:25:18:Infinity":1,"s:19:8:19:Infinity":2}}}
,"/home/renanamorim/GitHub/rota-cultural/frontend/src/styles/MapPage.module.css": {"path":"/home/renanamorim/GitHub/rota-cultural/frontend/src/styles/MapPage.module.css","statementMap":{},"fnMap":{},"branchMap":{},"s":{},"f":{},"b":{},"meta":{"lastBranch":0,"lastFunction":0,"lastStatement":0,"seen":{}}}
,"/home/renanamorim/GitHub/rota-cultural/frontend/src/styles/Navbar.module.css": {"path":"/home/renanamorim/GitHub/rota-cultural/frontend/src/styles/Navbar.module.css","statementMap":{},"fnMap":{},"branchMap":{},"s":{},"f":{},"b":{},"meta":{"lastBranch":0,"lastFunction":0,"lastStatement":0,"seen":{}}}
}
